<?xml version="1.0" encoding="UTF-8"?>
<testsuite xmlns:xsi="http://www.w3.org/2001/XMLSchema-instance" xsi:noNamespaceSchemaLocation="https://maven.apache.org/surefire/maven-surefire-plugin/xsd/surefire-test-report.xsd" name="edu.jmu.sudi.test.MySystemTest" time="5.585" tests="7" errors="1" skipped="0" failures="0">
  <properties>
[...]
</properties>
  <testcase name="test1" classname="edu.jmu.sudi.test.MySystemTest" time="0.569">
    <error message="&#10;### Error updating database.  Cause: java.sql.SQLIntegrityConstraintViolationException: Cannot delete or update a parent row: a foreign key constraint fails (`sudi`.`sudi_deliver`, CONSTRAINT `userId` FOREIGN KEY (`userId`) REFERENCES `sudi_user` (`userId`))&#10;### The error may exist in file [F:\java\xiangmu\ssmwaimai\sudi\sudi\target\classes\edu\jmu\sudi\dao\UserMapper.xml]&#10;### The error may involve defaultParameterMap&#10;### The error occurred while setting parameters&#10;### SQL: delete from sudi_user where userId=?&#10;### Cause: java.sql.SQLIntegrityConstraintViolationException: Cannot delete or update a parent row: a foreign key constraint fails (`sudi`.`sudi_deliver`, CONSTRAINT `userId` FOREIGN KEY (`userId`) REFERENCES `sudi_user` (`userId`))&#10;; Cannot delete or update a parent row: a foreign key constraint fails (`sudi`.`sudi_deliver`, CONSTRAINT `userId` FOREIGN KEY (`userId`) REFERENCES `sudi_user` (`userId`)); nested exception is java.sql.SQLIntegrityConstraintViolationException: Cannot delete or update a parent row: a foreign key constraint fails (`sudi`.`sudi_deliver`, CONSTRAINT `userId` FOREIGN KEY (`userId`) REFERENCES `sudi_user` (`userId`))" type="org.springframework.dao.DataIntegrityViolationException">org.springframework.dao.DataIntegrityViolationException: 

### Error updating database.  Cause: java.sql.SQLIntegrityConstraintViolationException: Cannot delete or update a parent row: a foreign key constraint fails (`sudi`.`sudi_deliver`, CONSTRAINT `userId` FOREIGN KEY (`userId`) REFERENCES `sudi_user` (`userId`))
### The error may exist in file [F:\java\xiangmu\ssmwaimai\sudi\sudi\target\classes\edu\jmu\sudi\dao\UserMapper.xml]
### The error may involve defaultParameterMap
### The error occurred while setting parameters
### SQL: delete from sudi_user where userId=?
### Cause: java.sql.SQLIntegrityConstraintViolationException: Cannot delete or update a parent row: a foreign key constraint fails (`sudi`.`sudi_deliver`, CONSTRAINT `userId` FOREIGN KEY (`userId`) REFERENCES `sudi_user` (`userId`))
; Cannot delete or update a parent row: a foreign key constraint fails (`sudi`.`sudi_deliver`, CONSTRAINT `userId` FOREIGN KEY (`userId`) REFERENCES `sudi_user` (`userId`)); nested exception is java.sql.SQLIntegrityConstraintViolationException: Cannot delete or update a parent row: a foreign key constraint fails (`sudi`.`sudi_deliver`, CONSTRAINT `userId` FOREIGN KEY (`userId`) REFERENCES `sudi_user` (`userId`))
	at edu.jmu.sudi.test.MySystemTest.test1(MySystemTest.java:43)
Caused by: java.sql.SQLIntegrityConstraintViolationException: Cannot delete or update a parent row: a foreign key constraint fails (`sudi`.`sudi_deliver`, CONSTRAINT `userId` FOREIGN KEY (`userId`) REFERENCES `sudi_user` (`userId`))
	at edu.jmu.sudi.test.MySystemTest.test1(MySystemTest.java:43)
</error>
    <system-out><![CDATA[Logging initialized using 'class org.apache.ibatis.logging.stdout.StdOutImpl' adapter.
Creating a new SqlSession
SqlSession [org.apache.ibatis.session.defaults.DefaultSqlSession@7aa82b] was not registered for synchronization because synchronization is not active
JDBC Connection [com.mysql.cj.jdbc.ConnectionImpl@179a760] will not be managed by Spring
==>  Preparing: delete from sudi_user_role where userId=?
==> Parameters: 14(Long)
<==    Updates: 2
Closing non transactional SqlSession [org.apache.ibatis.session.defaults.DefaultSqlSession@7aa82b]
Creating a new SqlSession
SqlSession [org.apache.ibatis.session.defaults.DefaultSqlSession@d731d0] was not registered for synchronization because synchronization is not active
JDBC Connection [com.mysql.cj.jdbc.ConnectionImpl@179a760] will not be managed by Spring
==>  Preparing: delete from sudi_user where userId=?
==> Parameters: 14(Long)
Closing non transactional SqlSession [org.apache.ibatis.session.defaults.DefaultSqlSession@d731d0]
]]></system-out>
    <system-err><![CDATA[十二月 28, 2024 7:25:45 下午 org.springframework.test.context.support.AbstractTestContextBootstrapper getDefaultTestExecutionListenerClassNames
信息: Loaded default TestExecutionListener class names from location [META-INF/spring.factories]: [org.springframework.test.context.web.ServletTestExecutionListener, org.springframework.test.context.support.DirtiesContextBeforeModesTestExecutionListener, org.springframework.test.context.support.DependencyInjectionTestExecutionListener, org.springframework.test.context.support.DirtiesContextTestExecutionListener, org.springframework.test.context.transaction.TransactionalTestExecutionListener, org.springframework.test.context.jdbc.SqlScriptsTestExecutionListener, org.springframework.test.context.event.EventPublishingTestExecutionListener]
十二月 28, 2024 7:25:45 下午 org.springframework.test.context.support.AbstractTestContextBootstrapper getTestExecutionListeners
信息: Using TestExecutionListeners: [org.springframework.test.context.web.ServletTestExecutionListener@f2b07d, org.springframework.test.context.support.DirtiesContextBeforeModesTestExecutionListener@4a52ec, org.springframework.test.context.support.DependencyInjectionTestExecutionListener@e52dcd, org.springframework.test.context.support.DirtiesContextTestExecutionListener@93d195, org.springframework.test.context.transaction.TransactionalTestExecutionListener@181e022, org.springframework.test.context.jdbc.SqlScriptsTestExecutionListener@17e1b0c, org.springframework.test.context.event.EventPublishingTestExecutionListener@32c52b]
十二月 28, 2024 7:25:50 下午 com.alibaba.druid.support.logging.JakartaCommonsLoggingImpl info
信息: {dataSource-1} inited
]]></system-err>
  </testcase>
  <testcase name="test2" classname="edu.jmu.sudi.test.MySystemTest" time="0.003"/>
  <testcase name="test3" classname="edu.jmu.sudi.test.MySystemTest" time="0.001"/>
  <testcase name="test4" classname="edu.jmu.sudi.test.MySystemTest" time="0.037"/>
  <testcase name="test5" classname="edu.jmu.sudi.test.MySystemTest" time="0"/>
  <testcase name="test6" classname="edu.jmu.sudi.test.MySystemTest" time="0.068"/>
  <testcase name="test7" classname="edu.jmu.sudi.test.MySystemTest" time="0"/>
</testsuite>